
xv6 kernel is booting

init: starting sh
$ task5 PRR
dispatch thread#2 at 0: allocated_time=2
thread #2 is running
thread#2 finish at 2
dispatch thread#1 at 2: allocated_time=2
thread #1 is running
dispatch thread#3 at 4: allocated_time=2
thread #3 is running
dispatch thread#1 at 6: allocated_time=2
dispatch thread#3 at 8: allocated_time=2
dispatch thread#1 at 10: allocated_time=2
thread#1 finish at 12
dispatch thread#3 at 12: allocated_time=1
thread#3 finish at 13
dispatch thread#4 at 13: allocated_time=4
thread #4 is running
thread#4 finish at 17

exited
$ qemu-system-riscv64: terminating on signal 15 from pid 32111 (make)
